<?xml version="1.0" encoding="UTF-8"?>
<!-- Generated by org.testng.reporters.JUnitReportReporter -->
<testsuite hostname="DESKTOP-FNMO972" failures="0" tests="4" name="demo.OrangeHRM" time="22.466" errors="0" timestamp="2025-01-26T13:26:25 IST" skipped="1">
  <testcase classname="demo.OrangeHRM" name="loginTestwithvalid" time="2.296"/>
  <system-out/>
  <testcase classname="demo.OrangeHRM" name="addEmployee" time="12.867"/>
  <system-out/>
  <testcase classname="demo.OrangeHRM" name="search_employee" time="7.303"/>
  <system-out/>
  <testcase classname="demo.OrangeHRM" name="dologinwithinvalid">
    <skipped/>
  </testcase> <!-- dologinwithinvalid -->
  <system-out/>
</testsuite> <!-- demo.OrangeHRM -->
