<?xml version="1.0" encoding="UTF-8"?>
<!-- Generated by org.testng.reporters.JUnitReportReporter -->
<testsuite hostname="DESKTOP-FNMO972" failures="0" tests="5" name="demo.OrangeHRM" time="34.359" errors="0" timestamp="2025-02-01T12:00:35 IST" skipped="1">
  <testcase classname="demo.OrangeHRM" name="loginTestwithvalid" time="2.764"/>
  <system-out/>
  <testcase classname="demo.OrangeHRM" name="addEmployee" time="14.656"/>
  <system-out/>
  <testcase classname="demo.OrangeHRM" name="search_employee" time="8.547"/>
  <system-out/>
  <testcase classname="demo.OrangeHRM" name="Search_employee_by_id" time="8.392"/>
  <system-out/>
  <testcase classname="demo.OrangeHRM" name="dologinwithinvalid">
    <skipped/>
  </testcase> <!-- dologinwithinvalid -->
  <system-out/>
</testsuite> <!-- demo.OrangeHRM -->
